<?xml version="1.0" encoding="UTF-8"?>
<!-- Generated by org.testng.reporters.JUnitReportReporter -->
<testsuite skipped="0" hostname="Balasundar" name="com.project.classe" tests="2" failures="0" timestamp="22 Sep 2022 05:43:41 GMT" time="3.398" errors="0">
  <testcase name="tc1" time="3.236" classname="com.project.classe"/>
  <testcase name="tc2" time="0.162" classname="com.project.classe"/>
</testsuite> <!-- com.project.classe -->
